<?xml version="1.0" encoding="UTF-8"?>
<testsuite name="com.booking.model.enums.ShowNumberTest" tests="2" skipped="0" failures="0" errors="0" timestamp="2020-08-25T06:21:00" hostname="AXISR-166187-L.local" time="0.002">
  <properties/>
  <testcase name="shouldHaveTotalThreeNoOfAuditoriums()" classname="com.booking.model.enums.ShowNumberTest" time="0.001"/>
  <testcase name="shouldInitialiseSecondAudiNo()" classname="com.booking.model.enums.ShowNumberTest" time="0.001"/>
  <system-out><![CDATA[]]></system-out>
  <system-err><![CDATA[]]></system-err>
</testsuite>
