<?xml version="1.0" encoding="UTF-8"?>
<testsuite name="com.booking.movieProcessor.MovieEngineTest" tests="3" skipped="0" failures="0" errors="0" timestamp="2020-08-25T04:07:27" hostname="AXISR-166187-L.local" time="0.02">
  <properties/>
  <testcase name="shouldShutDown()" classname="com.booking.movieProcessor.MovieEngineTest" time="0.018"/>
  <testcase name="removeSelectedSeats()" classname="com.booking.movieProcessor.MovieEngineTest" time="0.0"/>
  <testcase name="checkIfAuditoriumIsEmpty()" classname="com.booking.movieProcessor.MovieEngineTest" time="0.0"/>
  <system-out><![CDATA[]]></system-out>
  <system-err><![CDATA[]]></system-err>
</testsuite>
