<?xml version="1.0" encoding="UTF-8"?>
<testsuite name="com.booking.revenueGenerator.TotalRevenueTest" tests="2" skipped="0" failures="0" errors="0" timestamp="2020-08-25T06:21:00" hostname="AXISR-166187-L.local" time="0.007">
  <properties/>
  <testcase name="addRevenue()" classname="com.booking.revenueGenerator.TotalRevenueTest" time="0.006"/>
  <testcase name="checkRevenue()" classname="com.booking.revenueGenerator.TotalRevenueTest" time="0.0"/>
  <system-out><![CDATA[]]></system-out>
  <system-err><![CDATA[]]></system-err>
</testsuite>
