<?xml version="1.0" encoding="UTF-8"?>
<testsuite name="com.booking.movieProcessor.MovieEngineTest" tests="3" skipped="0" failures="0" errors="0" timestamp="2020-08-25T06:21:00" hostname="AXISR-166187-L.local" time="0.026">
  <properties/>
  <testcase name="shouldShutDown()" classname="com.booking.movieProcessor.MovieEngineTest" time="0.023"/>
  <testcase name="removeSelectedSeats()" classname="com.booking.movieProcessor.MovieEngineTest" time="0.001"/>
  <testcase name="checkIfAuditoriumIsEmpty()" classname="com.booking.movieProcessor.MovieEngineTest" time="0.001"/>
  <system-out><![CDATA[]]></system-out>
  <system-err><![CDATA[]]></system-err>
</testsuite>
